

Microchip MPLAB XC8 Assembler V2.31 build 20201012212115 
                                                                                               Thu Apr 15 12:12:12 2021

Microchip MPLAB XC8 C Compiler v2.31 (Free license) build 20201012212115 Og1 
     1                           	processor	16F887
     2                           	pagewidth 120
     3                           	opt	flic
     4                           	psect	nvBANK0,global,class=BANK0,space=1,delta=1,noexec
     5                           	psect	cinit,global,class=CODE,merge=1,delta=2
     6                           	psect	bssCOMMON,global,class=COMMON,space=1,delta=1,noexec
     7                           	psect	bssBANK0,global,class=BANK0,space=1,delta=1,noexec
     8                           	psect	cstackCOMMON,global,class=COMMON,space=1,delta=1,noexec
     9                           	psect	cstackBANK0,global,class=BANK0,space=1,delta=1,noexec
    10                           	psect	maintext,global,class=CODE,split=1,delta=2
    11                           	psect	text1,local,class=CODE,merge=1,delta=2
    12                           	psect	text2,local,class=CODE,merge=1,delta=2
    13                           	psect	text3,local,class=CODE,merge=1,delta=2
    14                           	psect	text4,local,class=CODE,merge=1,delta=2,group=1
    15                           	psect	text5,local,class=CODE,merge=1,delta=2,group=1
    16                           	psect	text6,local,class=CODE,merge=1,delta=2
    17                           	psect	text7,local,class=CODE,merge=1,delta=2
    18                           	psect	intentry,global,class=CODE,delta=2
    19                           	psect	config,global,abs,ovrld,class=CONFIG,space=4,delta=2,noexec
    20                           	dabs	1,0x7E,2
    21  0000                     
    22                           ; Version 2.20
    23                           ; Generated 12/02/2020 GMT
    24                           ; 
    25                           ; Copyright © 2020, Microchip Technology Inc. and its subsidiaries ("Microchip")
    26                           ; All rights reserved.
    27                           ; 
    28                           ; This software is developed by Microchip Technology Inc. and its subsidiaries ("Microch
      +                          ip").
    29                           ; 
    30                           ; Redistribution and use in source and binary forms, with or without modification, are
    31                           ; permitted provided that the following conditions are met:
    32                           ; 
    33                           ;     1. Redistributions of source code must retain the above copyright notice, this lis
      +                          t of
    34                           ;        conditions and the following disclaimer.
    35                           ; 
    36                           ;     2. Redistributions in binary form must reproduce the above copyright notice, this 
      +                          list
    37                           ;        of conditions and the following disclaimer in the documentation and/or other
    38                           ;        materials provided with the distribution.
    39                           ; 
    40                           ;     3. Microchip's name may not be used to endorse or promote products derived from th
      +                          is
    41                           ;        software without specific prior written permission.
    42                           ; 
    43                           ; THIS SOFTWARE IS PROVIDED BY MICROCHIP "AS IS" AND ANY EXPRESS OR IMPLIED WARRANTIES,
    44                           ; INCLUDING, BUT NOT LIMITED TO, THE IMPLIED WARRANTIES OF MERCHANTABILITY AND FITNESS F
      +                          OR
    45                           ; PURPOSE ARE DISCLAIMED.  IN NO EVENT SHALL MICROCHIP BE LIABLE FOR ANY DIRECT, INDIREC
      +                          T,
    46                           ; INCIDENTAL, SPECIAL, EXEMPLARY, OR CONSEQUENTIAL DAMAGES (INCLUDING BUT NOT LIMITED TO
    47                           ; PROCUREMENT OF SUBSTITUTE GOODS OR SERVICES; LOSS OF USE, DATA OR PROFITS; OR BUSINESS
    48                           ; INTERRUPTION) HOWSOEVER CAUSED AND ON ANY THEORY OF LIABILITY, WHETHER IN CONTRACT, ST
      +                          RICT
    49                           ; LIABILITY, OR TORT (INCLUDING NEGLIGENCE OR OTHERWISE) ARISING IN ANY WAY OUT OF THE U
      +                          SE OF
    50                           ; THIS SOFTWARE, EVEN IF ADVISED OF THE POSSIBILITY OF SUCH DAMAGE.
    51                           ; 
    52                           ; 
    53                           ; Code-generator required, PIC16F887 Definitions
    54                           ; 
    55                           ; SFR Addresses
    56  0000                     	;# 
    57  0001                     	;# 
    58  0002                     	;# 
    59  0003                     	;# 
    60  0004                     	;# 
    61  0005                     	;# 
    62  0006                     	;# 
    63  0007                     	;# 
    64  0008                     	;# 
    65  0009                     	;# 
    66  000A                     	;# 
    67  000B                     	;# 
    68  000C                     	;# 
    69  000D                     	;# 
    70  000E                     	;# 
    71  000E                     	;# 
    72  000F                     	;# 
    73  0010                     	;# 
    74  0011                     	;# 
    75  0012                     	;# 
    76  0013                     	;# 
    77  0014                     	;# 
    78  0015                     	;# 
    79  0015                     	;# 
    80  0016                     	;# 
    81  0017                     	;# 
    82  0018                     	;# 
    83  0019                     	;# 
    84  001A                     	;# 
    85  001B                     	;# 
    86  001B                     	;# 
    87  001C                     	;# 
    88  001D                     	;# 
    89  001E                     	;# 
    90  001F                     	;# 
    91  0081                     	;# 
    92  0085                     	;# 
    93  0086                     	;# 
    94  0087                     	;# 
    95  0088                     	;# 
    96  0089                     	;# 
    97  008C                     	;# 
    98  008D                     	;# 
    99  008E                     	;# 
   100  008F                     	;# 
   101  0090                     	;# 
   102  0091                     	;# 
   103  0092                     	;# 
   104  0093                     	;# 
   105  0093                     	;# 
   106  0093                     	;# 
   107  0094                     	;# 
   108  0095                     	;# 
   109  0096                     	;# 
   110  0097                     	;# 
   111  0098                     	;# 
   112  0099                     	;# 
   113  009A                     	;# 
   114  009B                     	;# 
   115  009C                     	;# 
   116  009D                     	;# 
   117  009E                     	;# 
   118  009F                     	;# 
   119  0105                     	;# 
   120  0107                     	;# 
   121  0108                     	;# 
   122  0109                     	;# 
   123  010C                     	;# 
   124  010C                     	;# 
   125  010D                     	;# 
   126  010E                     	;# 
   127  010F                     	;# 
   128  0185                     	;# 
   129  0187                     	;# 
   130  0188                     	;# 
   131  0189                     	;# 
   132  018C                     	;# 
   133  018D                     	;# 
   134  0000                     	;# 
   135  0001                     	;# 
   136  0002                     	;# 
   137  0003                     	;# 
   138  0004                     	;# 
   139  0005                     	;# 
   140  0006                     	;# 
   141  0007                     	;# 
   142  0008                     	;# 
   143  0009                     	;# 
   144  000A                     	;# 
   145  000B                     	;# 
   146  000C                     	;# 
   147  000D                     	;# 
   148  000E                     	;# 
   149  000E                     	;# 
   150  000F                     	;# 
   151  0010                     	;# 
   152  0011                     	;# 
   153  0012                     	;# 
   154  0013                     	;# 
   155  0014                     	;# 
   156  0015                     	;# 
   157  0015                     	;# 
   158  0016                     	;# 
   159  0017                     	;# 
   160  0018                     	;# 
   161  0019                     	;# 
   162  001A                     	;# 
   163  001B                     	;# 
   164  001B                     	;# 
   165  001C                     	;# 
   166  001D                     	;# 
   167  001E                     	;# 
   168  001F                     	;# 
   169  0081                     	;# 
   170  0085                     	;# 
   171  0086                     	;# 
   172  0087                     	;# 
   173  0088                     	;# 
   174  0089                     	;# 
   175  008C                     	;# 
   176  008D                     	;# 
   177  008E                     	;# 
   178  008F                     	;# 
   179  0090                     	;# 
   180  0091                     	;# 
   181  0092                     	;# 
   182  0093                     	;# 
   183  0093                     	;# 
   184  0093                     	;# 
   185  0094                     	;# 
   186  0095                     	;# 
   187  0096                     	;# 
   188  0097                     	;# 
   189  0098                     	;# 
   190  0099                     	;# 
   191  009A                     	;# 
   192  009B                     	;# 
   193  009C                     	;# 
   194  009D                     	;# 
   195  009E                     	;# 
   196  009F                     	;# 
   197  0105                     	;# 
   198  0107                     	;# 
   199  0108                     	;# 
   200  0109                     	;# 
   201  010C                     	;# 
   202  010C                     	;# 
   203  010D                     	;# 
   204  010E                     	;# 
   205  010F                     	;# 
   206  0185                     	;# 
   207  0187                     	;# 
   208  0188                     	;# 
   209  0189                     	;# 
   210  018C                     	;# 
   211  018D                     	;# 
   212                           
   213                           	psect	nvBANK0
   214  0034                     __pnvBANK0:
   215  0034                     _v_tmr0:
   216  0034                     	ds	1
   217  0008                     _PORTD	set	8
   218  0006                     _PORTB	set	6
   219  0005                     _PORTA	set	5
   220  0009                     _PORTE	set	9
   221  0007                     _PORTC	set	7
   222  0006                     _PORTBbits	set	6
   223  0001                     _TMR0	set	1
   224  000B                     _INTCONbits	set	11
   225  0081                     _OPTION_REGbits	set	129
   226  0096                     _IOCBbits	set	150
   227  0088                     _TRISD	set	136
   228  0086                     _TRISB	set	134
   229  0085                     _TRISA	set	133
   230  0087                     _TRISC	set	135
   231  0089                     _TRISE	set	137
   232  0189                     _ANSELH	set	393
   233  0188                     _ANSEL	set	392
   234                           
   235                           	psect	cinit
   236  000F                     start_initialization:	
   237                           ; #config settings
   238                           
   239  000F                     __initialization:
   240                           
   241                           ; Clear objects allocated to COMMON
   242  000F  01F8               	clrf	__pbssCOMMON& (0+127)
   243  0010  01F9               	clrf	(__pbssCOMMON+1)& (0+127)
   244  0011  01FA               	clrf	(__pbssCOMMON+2)& (0+127)
   245                           
   246                           ; Clear objects allocated to BANK0
   247  0012  1283               	bcf	3,5	;RP0=0, select bank0
   248  0013  1303               	bcf	3,6	;RP1=0, select bank0
   249  0014  01A0               	clrf	__pbssBANK0& (0+127)
   250  0015  01A1               	clrf	(__pbssBANK0+1)& (0+127)
   251  0016  01A2               	clrf	(__pbssBANK0+2)& (0+127)
   252  0017  01A3               	clrf	(__pbssBANK0+3)& (0+127)
   253  0018  01A4               	clrf	(__pbssBANK0+4)& (0+127)
   254  0019  01A5               	clrf	(__pbssBANK0+5)& (0+127)
   255  001A  01A6               	clrf	(__pbssBANK0+6)& (0+127)
   256  001B  01A7               	clrf	(__pbssBANK0+7)& (0+127)
   257  001C  01A8               	clrf	(__pbssBANK0+8)& (0+127)
   258  001D  01A9               	clrf	(__pbssBANK0+9)& (0+127)
   259  001E  01AA               	clrf	(__pbssBANK0+10)& (0+127)
   260  001F                     end_of_initialization:	
   261                           ;End of C runtime variable initialization code
   262                           
   263  001F                     __end_of__initialization:
   264  001F  0183               	clrf	3
   265  0020  120A  118A  28B6   	ljmp	_main	;jump to C main() function
   266                           
   267                           	psect	bssCOMMON
   268  0078                     __pbssCOMMON:
   269  0078                     _decenas:
   270  0078                     	ds	1
   271  0079                     _centenas:
   272  0079                     	ds	1
   273  007A                     _numero:
   274  007A                     	ds	1
   275                           
   276                           	psect	bssBANK0
   277  0020                     __pbssBANK0:
   278  0020                     _segC:
   279  0020                     	ds	2
   280  0022                     _segD:
   281  0022                     	ds	2
   282  0024                     _segU:
   283  0024                     	ds	2
   284  0026                     _banderaT0:
   285  0026                     	ds	1
   286  0027                     _unidades:
   287  0027                     	ds	1
   288  0028                     _b_dec:
   289  0028                     	ds	1
   290  0029                     _b_inc:
   291  0029                     	ds	1
   292  002A                     _count:
   293  002A                     	ds	1
   294                           
   295                           	psect	cstackCOMMON
   296  0070                     __pcstackCOMMON:
   297  0070                     ?_setup:
   298  0070                     ?_decimales:	
   299                           ; 1 bytes @ 0x0
   300                           
   301  0070                     ?_display:	
   302                           ; 1 bytes @ 0x0
   303                           
   304  0070                     ?_ISR:	
   305                           ; 1 bytes @ 0x0
   306                           
   307  0070                     ??_ISR:	
   308                           ; 1 bytes @ 0x0
   309                           
   310  0070                     ?_main:	
   311                           ; 1 bytes @ 0x0
   312                           
   313                           
   314                           ; 1 bytes @ 0x0
   315  0070                     	ds	3
   316  0073                     ??_setup:
   317  0073                     ??_display:	
   318                           ; 1 bytes @ 0x3
   319                           
   320  0073                     ?___bmul:	
   321                           ; 1 bytes @ 0x3
   322                           
   323  0073                     ?_Config_7:	
   324                           ; 1 bytes @ 0x3
   325                           
   326  0073                     ?___awdiv:	
   327                           ; 2 bytes @ 0x3
   328                           
   329  0073                     ___bmul@multiplicand:	
   330                           ; 2 bytes @ 0x3
   331                           
   332  0073                     Config_7@numero7:	
   333                           ; 1 bytes @ 0x3
   334                           
   335  0073                     ___awdiv@divisor:	
   336                           ; 2 bytes @ 0x3
   337                           
   338                           
   339                           ; 2 bytes @ 0x3
   340  0073                     	ds	1
   341  0074                     ??___bmul:
   342                           
   343                           ; 1 bytes @ 0x4
   344  0074                     	ds	1
   345  0075                     ??_Config_7:
   346  0075                     ___bmul@product:	
   347                           ; 1 bytes @ 0x5
   348                           
   349  0075                     ___awdiv@dividend:	
   350                           ; 1 bytes @ 0x5
   351                           
   352                           
   353                           ; 2 bytes @ 0x5
   354  0075                     	ds	1
   355  0076                     ___bmul@multiplier:
   356                           
   357                           ; 1 bytes @ 0x6
   358  0076                     	ds	1
   359  0077                     ??___awdiv:
   360                           
   361                           ; 1 bytes @ 0x7
   362  0077                     	ds	1
   363                           
   364                           	psect	cstackBANK0
   365  002B                     __pcstackBANK0:
   366  002B                     ___awdiv@counter:
   367  002B                     Config_7@seg:	
   368                           ; 1 bytes @ 0x0
   369                           
   370                           
   371                           ; 2 bytes @ 0x0
   372  002B                     	ds	1
   373  002C                     ___awdiv@sign:
   374                           
   375                           ; 1 bytes @ 0x1
   376  002C                     	ds	1
   377  002D                     Config_7@valor:
   378  002D                     ___awdiv@quotient:	
   379                           ; 2 bytes @ 0x2
   380                           
   381                           
   382                           ; 2 bytes @ 0x2
   383  002D                     	ds	2
   384  002F                     ??_decimales:
   385                           
   386                           ; 1 bytes @ 0x4
   387  002F                     	ds	3
   388  0032                     ??_main:
   389                           
   390                           ; 1 bytes @ 0x7
   391  0032                     	ds	2
   392                           
   393                           	psect	maintext
   394  00B6                     __pmaintext:	
   395 ;;
   396 ;;Main: autosize = 0, tempsize = 2, incstack = 0, save=0
   397 ;;
   398 ;; *************** function _main *****************
   399 ;; Defined at:
   400 ;;		line 87 in file "main.c"
   401 ;; Parameters:    Size  Location     Type
   402 ;;		None
   403 ;; Auto vars:     Size  Location     Type
   404 ;;		None
   405 ;; Return value:  Size  Location     Type
   406 ;;                  1    wreg      void 
   407 ;; Registers used:
   408 ;;		wreg, fsr0l, fsr0h, status,2, status,0, pclath, cstack
   409 ;; Tracked objects:
   410 ;;		On entry : B00/0
   411 ;;		On exit  : 0/0
   412 ;;		Unchanged: 0/0
   413 ;; Data sizes:     COMMON   BANK0   BANK1   BANK3   BANK2
   414 ;;      Params:         0       0       0       0       0
   415 ;;      Locals:         0       0       0       0       0
   416 ;;      Temps:          0       2       0       0       0
   417 ;;      Totals:         0       2       0       0       0
   418 ;;Total ram usage:        2 bytes
   419 ;; Hardware stack levels required when called:    3
   420 ;; This function calls:
   421 ;;		_Config_7
   422 ;;		_decimales
   423 ;;		_display
   424 ;;		_setup
   425 ;; This function is called by:
   426 ;;		Startup code after reset
   427 ;; This function uses a non-reentrant model
   428 ;;
   429                           
   430                           
   431                           ;psect for function _main
   432  00B6                     _main:
   433  00B6                     l1300:	
   434                           ;incstack = 0
   435                           ; Regs used in _main: [wreg-fsr0h+status,2+status,0+pclath+cstack]
   436                           
   437                           
   438                           ;main.c: 90:     display();
   439  00B6  120A  118A  21E5  120A  118A  	fcall	_setup
   440  00BB                     l1302:
   441                           
   442                           ;main.c: 97: ;main.c: 99: 
   443  00BB  1283               	bcf	3,5	;RP0=0, select bank0
   444  00BC  1303               	bcf	3,6	;RP1=0, select bank0
   445  00BD  1C06               	btfss	6,0	;volatile
   446  00BE  28C0               	goto	u411
   447  00BF  28C1               	goto	u410
   448  00C0                     u411:
   449  00C0  28C3               	goto	l79
   450  00C1                     u410:
   451  00C1                     l1304:
   452                           
   453                           ;main.c: 100: ;main.c: 101: 
   454  00C1  01A9               	clrf	_b_inc
   455  00C2  0AA9               	incf	_b_inc,f
   456  00C3                     l79:	
   457                           ;main.c: 102: void setup(void) {
   458                           
   459                           
   460                           ;main.c: 103: 
   461  00C3  1806               	btfsc	6,0	;volatile
   462  00C4  28C6               	goto	u421
   463  00C5  28C7               	goto	u420
   464  00C6                     u421:
   465  00C6  28D1               	goto	l1312
   466  00C7                     u420:
   467  00C7                     l1306:
   468  00C7  0329               	decf	_b_inc,w
   469  00C8  1D03               	btfss	3,2
   470  00C9  28CB               	goto	u431
   471  00CA  28CC               	goto	u430
   472  00CB                     u431:
   473  00CB  28D1               	goto	l1312
   474  00CC                     u430:
   475  00CC                     l1308:
   476                           
   477                           ;main.c: 104:     v_tmr0 = 61;;main.c: 105: 
   478  00CC  01A9               	clrf	_b_inc
   479  00CD                     l1310:
   480                           
   481                           ;main.c: 106: 
   482  00CD  3001               	movlw	1
   483  00CE  00B2               	movwf	??_main
   484  00CF  0832               	movf	??_main,w
   485  00D0  0787               	addwf	7,f	;volatile
   486  00D1                     l1312:
   487                           
   488                           ;main.c: 109: 
   489  00D1  1C86               	btfss	6,1	;volatile
   490  00D2  28D4               	goto	u441
   491  00D3  28D5               	goto	u440
   492  00D4                     u441:
   493  00D4  28D7               	goto	l81
   494  00D5                     u440:
   495  00D5                     l1314:
   496                           
   497                           ;main.c: 110:     TRISC = 0;;main.c: 111:     PORTC = 0;
   498  00D5  01A8               	clrf	_b_dec
   499  00D6  0AA8               	incf	_b_dec,f
   500  00D7                     l81:	
   501                           ;main.c: 112: 
   502                           
   503                           
   504                           ;main.c: 113:     TRISA = 0;
   505  00D7  1886               	btfsc	6,1	;volatile
   506  00D8  28DA               	goto	u451
   507  00D9  28DB               	goto	u450
   508  00DA                     u451:
   509  00DA  28E3               	goto	l1322
   510  00DB                     u450:
   511  00DB                     l1316:
   512  00DB  0328               	decf	_b_dec,w
   513  00DC  1D03               	btfss	3,2
   514  00DD  28DF               	goto	u461
   515  00DE  28E0               	goto	u460
   516  00DF                     u461:
   517  00DF  28E3               	goto	l1322
   518  00E0                     u460:
   519  00E0                     l1318:
   520                           
   521                           ;main.c: 114:     PORTA = 0;;main.c: 115: 
   522  00E0  01A8               	clrf	_b_dec
   523  00E1                     l1320:
   524                           
   525                           ;main.c: 116:     TRISB = 0;
   526  00E1  3001               	movlw	1
   527  00E2  0287               	subwf	7,f	;volatile
   528  00E3                     l1322:
   529                           
   530                           ;main.c: 119:     TRISD = 0;
   531  00E3  120A  118A  2192  120A  118A  	fcall	_decimales
   532  00E8                     l1324:
   533                           
   534                           ;main.c: 121: 
   535  00E8  1283               	bcf	3,5	;RP0=0, select bank0
   536  00E9  1303               	bcf	3,6	;RP1=0, select bank0
   537  00EA  0827               	movf	_unidades,w
   538  00EB  00B2               	movwf	??_main
   539  00EC  01B3               	clrf	??_main+1
   540  00ED  0832               	movf	??_main,w
   541  00EE  00F3               	movwf	Config_7@numero7
   542  00EF  0833               	movf	??_main+1,w
   543  00F0  00F4               	movwf	Config_7@numero7+1
   544  00F1  120A  118A  2023  120A  118A  	fcall	_Config_7
   545  00F6  0874               	movf	?_Config_7+1,w
   546  00F7  1283               	bcf	3,5	;RP0=0, select bank0
   547  00F8  1303               	bcf	3,6	;RP1=0, select bank0
   548  00F9  00A5               	movwf	_segU+1
   549  00FA  0873               	movf	?_Config_7,w
   550  00FB  00A4               	movwf	_segU
   551  00FC                     l1326:
   552                           
   553                           ;main.c: 122:     ANSEL = 0;
   554  00FC  0878               	movf	_decenas,w
   555  00FD  00B2               	movwf	??_main
   556  00FE  01B3               	clrf	??_main+1
   557  00FF  0832               	movf	??_main,w
   558  0100  00F3               	movwf	Config_7@numero7
   559  0101  0833               	movf	??_main+1,w
   560  0102  00F4               	movwf	Config_7@numero7+1
   561  0103  120A  118A  2023  120A  118A  	fcall	_Config_7
   562  0108  0874               	movf	?_Config_7+1,w
   563  0109  1283               	bcf	3,5	;RP0=0, select bank0
   564  010A  1303               	bcf	3,6	;RP1=0, select bank0
   565  010B  00A3               	movwf	_segD+1
   566  010C  0873               	movf	?_Config_7,w
   567  010D  00A2               	movwf	_segD
   568  010E                     l1328:
   569                           
   570                           ;main.c: 123:     ANSELH = 0;
   571  010E  0879               	movf	_centenas,w
   572  010F  00B2               	movwf	??_main
   573  0110  01B3               	clrf	??_main+1
   574  0111  0832               	movf	??_main,w
   575  0112  00F3               	movwf	Config_7@numero7
   576  0113  0833               	movf	??_main+1,w
   577  0114  00F4               	movwf	Config_7@numero7+1
   578  0115  120A  118A  2023  120A  118A  	fcall	_Config_7
   579  011A  0874               	movf	?_Config_7+1,w
   580  011B  1283               	bcf	3,5	;RP0=0, select bank0
   581  011C  1303               	bcf	3,6	;RP1=0, select bank0
   582  011D  00A1               	movwf	_segC+1
   583  011E  0873               	movf	?_Config_7,w
   584  011F  00A0               	movwf	_segC
   585  0120                     l1330:
   586                           
   587                           ;main.c: 125: 
   588  0120  120A  118A  2220  120A  118A  	fcall	_display
   589  0125  28BB               	goto	l1302
   590  0126  120A  118A  280C   	ljmp	start
   591  0129                     __end_of_main:
   592                           
   593                           	psect	text1
   594  01E5                     __ptext1:	
   595 ;; *************** function _setup *****************
   596 ;; Defined at:
   597 ;;		line 137 in file "main.c"
   598 ;; Parameters:    Size  Location     Type
   599 ;;		None
   600 ;; Auto vars:     Size  Location     Type
   601 ;;		None
   602 ;; Return value:  Size  Location     Type
   603 ;;                  1    wreg      void 
   604 ;; Registers used:
   605 ;;		wreg, status,2
   606 ;; Tracked objects:
   607 ;;		On entry : 0/0
   608 ;;		On exit  : 0/0
   609 ;;		Unchanged: 0/0
   610 ;; Data sizes:     COMMON   BANK0   BANK1   BANK3   BANK2
   611 ;;      Params:         0       0       0       0       0
   612 ;;      Locals:         0       0       0       0       0
   613 ;;      Temps:          1       0       0       0       0
   614 ;;      Totals:         1       0       0       0       0
   615 ;;Total ram usage:        1 bytes
   616 ;; Hardware stack levels used:    1
   617 ;; Hardware stack levels required when called:    1
   618 ;; This function calls:
   619 ;;		Nothing
   620 ;; This function is called by:
   621 ;;		_main
   622 ;; This function uses a non-reentrant model
   623 ;;
   624                           
   625                           
   626                           ;psect for function _setup
   627  01E5                     _setup:
   628  01E5                     l1036:	
   629                           ;incstack = 0
   630                           ; Regs used in _setup: [wreg+status,2]
   631                           
   632                           
   633                           ;main.c: 139:     OPTION_REGbits.PS2 = 1;
   634  01E5  303D               	movlw	61
   635  01E6  00F3               	movwf	??_setup
   636  01E7  0873               	movf	??_setup,w
   637  01E8  1283               	bcf	3,5	;RP0=0, select bank0
   638  01E9  1303               	bcf	3,6	;RP1=0, select bank0
   639  01EA  00B4               	movwf	_v_tmr0
   640  01EB                     l1038:
   641                           
   642                           ;main.c: 142:     TMR0 = v_tmr0;
   643  01EB  1683               	bsf	3,5	;RP0=1, select bank1
   644  01EC  1303               	bcf	3,6	;RP1=0, select bank1
   645  01ED  0189               	clrf	9	;volatile
   646  01EE                     l1040:
   647                           
   648                           ;main.c: 143: 
   649  01EE  1283               	bcf	3,5	;RP0=0, select bank0
   650  01EF  1303               	bcf	3,6	;RP1=0, select bank0
   651  01F0  0189               	clrf	9	;volatile
   652  01F1                     l1042:
   653                           
   654                           ;main.c: 145: 
   655  01F1  1683               	bsf	3,5	;RP0=1, select bank1
   656  01F2  1303               	bcf	3,6	;RP1=0, select bank1
   657  01F3  0187               	clrf	7	;volatile
   658  01F4                     l1044:
   659                           
   660                           ;main.c: 146: }
   661  01F4  1283               	bcf	3,5	;RP0=0, select bank0
   662  01F5  1303               	bcf	3,6	;RP1=0, select bank0
   663  01F6  0187               	clrf	7	;volatile
   664  01F7                     l1046:
   665                           
   666                           ;main.c: 148: 
   667  01F7  1683               	bsf	3,5	;RP0=1, select bank1
   668  01F8  1303               	bcf	3,6	;RP1=0, select bank1
   669  01F9  0185               	clrf	5	;volatile
   670  01FA                     l1048:
   671                           
   672                           ;main.c: 149: 
   673  01FA  1283               	bcf	3,5	;RP0=0, select bank0
   674  01FB  1303               	bcf	3,6	;RP1=0, select bank0
   675  01FC  0185               	clrf	5	;volatile
   676  01FD                     l1050:
   677                           
   678                           ;main.c: 151: 
   679  01FD  1683               	bsf	3,5	;RP0=1, select bank1
   680  01FE  1303               	bcf	3,6	;RP1=0, select bank1
   681  01FF  0186               	clrf	6	;volatile
   682  0200                     l1052:
   683                           
   684                           ;main.c: 152: void decimales(void)
   685  0200  1283               	bcf	3,5	;RP0=0, select bank0
   686  0201  1303               	bcf	3,6	;RP1=0, select bank0
   687  0202  0186               	clrf	6	;volatile
   688  0203                     l1054:
   689                           
   690                           ;main.c: 154:     numero = PORTC;
   691  0203  1683               	bsf	3,5	;RP0=1, select bank1
   692  0204  1303               	bcf	3,6	;RP1=0, select bank1
   693  0205  0188               	clrf	8	;volatile
   694  0206                     l1056:
   695                           
   696                           ;main.c: 155: 
   697  0206  1283               	bcf	3,5	;RP0=0, select bank0
   698  0207  1303               	bcf	3,6	;RP1=0, select bank0
   699  0208  0188               	clrf	8	;volatile
   700  0209                     l1058:
   701                           
   702                           ;main.c: 157: 
   703  0209  1683               	bsf	3,5	;RP0=1, select bank3
   704  020A  1703               	bsf	3,6	;RP1=1, select bank3
   705  020B  0188               	clrf	8	;volatile
   706  020C                     l1060:
   707                           
   708                           ;main.c: 158:     numero = numero - (centenas*100);
   709  020C  0189               	clrf	9	;volatile
   710  020D                     l1062:
   711                           
   712                           ;main.c: 161: 
   713  020D  178B               	bsf	11,7	;volatile
   714  020E                     l1064:
   715                           
   716                           ;main.c: 162:     unidades = numero - (decenas*10);
   717  020E  158B               	bsf	11,3	;volatile
   718  020F                     l1066:
   719                           
   720                           ;main.c: 163: 
   721  020F  168B               	bsf	11,5	;volatile
   722  0210                     l1068:
   723                           
   724                           ;main.c: 165: 
   725  0210  100B               	bcf	11,0	;volatile
   726  0211                     l1070:
   727                           
   728                           ;main.c: 166: 
   729  0211  110B               	bcf	11,2	;volatile
   730  0212                     l1072:
   731                           
   732                           ;main.c: 168: {
   733  0212  1683               	bsf	3,5	;RP0=1, select bank1
   734  0213  1303               	bcf	3,6	;RP1=0, select bank1
   735  0214  1416               	bsf	22,0	;volatile
   736  0215                     l1074:
   737                           
   738                           ;main.c: 169:     int valor, seg;
   739  0215  1496               	bsf	22,1	;volatile
   740  0216                     l1076:
   741                           
   742                           ;main.c: 172:     switch(seg)
   743  0216  1281               	bcf	1,5	;volatile
   744  0217                     l1078:
   745                           
   746                           ;main.c: 173:     {
   747  0217  1181               	bcf	1,3	;volatile
   748  0218                     l1080:
   749                           
   750                           ;main.c: 174:         case 0:
   751  0218  1501               	bsf	1,2	;volatile
   752  0219                     l1082:
   753                           
   754                           ;main.c: 175:             valor= 0b00111111;
   755  0219  1481               	bsf	1,1	;volatile
   756  021A                     l1084:
   757                           
   758                           ;main.c: 176:             break;
   759  021A  1401               	bsf	1,0	;volatile
   760                           
   761                           ;main.c: 177:         case 1:
   762  021B  1283               	bcf	3,5	;RP0=0, select bank0
   763  021C  1303               	bcf	3,6	;RP1=0, select bank0
   764  021D  0834               	movf	_v_tmr0,w
   765  021E  0081               	movwf	1	;volatile
   766  021F                     l88:
   767  021F  0008               	return
   768  0220                     __end_of_setup:
   769                           
   770                           	psect	text2
   771  0220                     __ptext2:	
   772 ;; *************** function _display *****************
   773 ;; Defined at:
   774 ;;		line 262 in file "main.c"
   775 ;; Parameters:    Size  Location     Type
   776 ;;		None
   777 ;; Auto vars:     Size  Location     Type
   778 ;;		None
   779 ;; Return value:  Size  Location     Type
   780 ;;                  1    wreg      void 
   781 ;; Registers used:
   782 ;;		wreg, fsr0l, fsr0h, status,2, status,0
   783 ;; Tracked objects:
   784 ;;		On entry : 0/0
   785 ;;		On exit  : 0/0
   786 ;;		Unchanged: 0/0
   787 ;; Data sizes:     COMMON   BANK0   BANK1   BANK3   BANK2
   788 ;;      Params:         0       0       0       0       0
   789 ;;      Locals:         0       0       0       0       0
   790 ;;      Temps:          2       0       0       0       0
   791 ;;      Totals:         2       0       0       0       0
   792 ;;Total ram usage:        2 bytes
   793 ;; Hardware stack levels used:    1
   794 ;; Hardware stack levels required when called:    1
   795 ;; This function calls:
   796 ;;		Nothing
   797 ;; This function is called by:
   798 ;;		_main
   799 ;; This function uses a non-reentrant model
   800 ;;
   801                           
   802                           
   803                           ;psect for function _display
   804  0220                     _display:
   805  0220                     l1142:	
   806                           ;incstack = 0
   807                           ; Regs used in _display: [wreg-fsr0h+status,2+status,0]
   808                           
   809  0220  2A31               	goto	l1156
   810  0221                     l1144:
   811  0221  0824               	movf	_segU,w
   812  0222  0088               	movwf	8	;volatile
   813  0223  3001               	movlw	1
   814  0224  0089               	movwf	9	;volatile
   815  0225  2A46               	goto	l120
   816  0226                     l1146:
   817  0226  0822               	movf	_segD,w
   818  0227  0088               	movwf	8	;volatile
   819  0228  3002               	movlw	2
   820  0229  0089               	movwf	9	;volatile
   821  022A  2A46               	goto	l120
   822  022B                     l1148:
   823  022B  0820               	movf	_segC,w
   824  022C  0088               	movwf	8	;volatile
   825  022D                     l1150:
   826  022D  01A6               	clrf	_banderaT0
   827  022E                     l1152:
   828  022E  3004               	movlw	4
   829  022F  0089               	movwf	9	;volatile
   830  0230  2A46               	goto	l120
   831  0231                     l1156:
   832  0231  1283               	bcf	3,5	;RP0=0, select bank0
   833  0232  1303               	bcf	3,6	;RP1=0, select bank0
   834  0233  0826               	movf	_banderaT0,w
   835  0234  00F3               	movwf	??_display
   836  0235  01F4               	clrf	??_display+1
   837                           
   838                           ; Switch on 2 bytes has been partitioned into a top level switch of size 1, and 1 sub-sw
      +                          itches
   839                           ; Switch size 1, requested type "simple"
   840                           ; Number of cases is 1, Range of values is 0 to 0
   841                           ; switch strategies available:
   842                           ; Name         Instructions Cycles
   843                           ; simple_byte            4     3 (average)
   844                           ; direct_byte           11     8 (fixed)
   845                           ; jumptable            260     6 (fixed)
   846                           ;	Chosen strategy is simple_byte
   847  0236  0874               	movf	??_display+1,w
   848  0237  3A00               	xorlw	0	; case 0
   849  0238  1903               	skipnz
   850  0239  2A3B               	goto	l1372
   851  023A  2A46               	goto	l120
   852  023B                     l1372:
   853                           
   854                           ; Switch size 1, requested type "simple"
   855                           ; Number of cases is 3, Range of values is 1 to 3
   856                           ; switch strategies available:
   857                           ; Name         Instructions Cycles
   858                           ; simple_byte           10     6 (average)
   859                           ; direct_byte           20    11 (fixed)
   860                           ; jumptable            263     9 (fixed)
   861                           ;	Chosen strategy is simple_byte
   862  023B  0873               	movf	??_display,w
   863  023C  3A01               	xorlw	1	; case 1
   864  023D  1903               	skipnz
   865  023E  2A21               	goto	l1144
   866  023F  3A03               	xorlw	3	; case 2
   867  0240  1903               	skipnz
   868  0241  2A26               	goto	l1146
   869  0242  3A01               	xorlw	1	; case 3
   870  0243  1903               	skipnz
   871  0244  2A2B               	goto	l1148
   872  0245  2A46               	goto	l120
   873  0246                     l120:
   874  0246  0008               	return
   875  0247                     __end_of_display:
   876                           
   877                           	psect	text3
   878  0192                     __ptext3:	
   879 ;; *************** function _decimales *****************
   880 ;; Defined at:
   881 ;;		line 187 in file "main.c"
   882 ;; Parameters:    Size  Location     Type
   883 ;;		None
   884 ;; Auto vars:     Size  Location     Type
   885 ;;		None
   886 ;; Return value:  Size  Location     Type
   887 ;;                  1    wreg      void 
   888 ;; Registers used:
   889 ;;		wreg, status,2, status,0, pclath, cstack
   890 ;; Tracked objects:
   891 ;;		On entry : 0/0
   892 ;;		On exit  : 0/0
   893 ;;		Unchanged: 0/0
   894 ;; Data sizes:     COMMON   BANK0   BANK1   BANK3   BANK2
   895 ;;      Params:         0       0       0       0       0
   896 ;;      Locals:         0       0       0       0       0
   897 ;;      Temps:          0       3       0       0       0
   898 ;;      Totals:         0       3       0       0       0
   899 ;;Total ram usage:        3 bytes
   900 ;; Hardware stack levels used:    1
   901 ;; Hardware stack levels required when called:    2
   902 ;; This function calls:
   903 ;;		___awdiv
   904 ;;		___bmul
   905 ;; This function is called by:
   906 ;;		_main
   907 ;; This function uses a non-reentrant model
   908 ;;
   909                           
   910                           
   911                           ;psect for function _decimales
   912  0192                     _decimales:
   913  0192                     l1244:	
   914                           ;incstack = 0
   915                           ; Regs used in _decimales: [wreg+status,2+status,0+pclath+cstack]
   916                           
   917                           
   918                           ;main.c: 189:         case 5:
   919  0192  1283               	bcf	3,5	;RP0=0, select bank0
   920  0193  1303               	bcf	3,6	;RP1=0, select bank0
   921  0194  0807               	movf	7,w	;volatile
   922  0195  00AF               	movwf	??_decimales
   923  0196  082F               	movf	??_decimales,w
   924  0197  00FA               	movwf	_numero
   925  0198                     l1246:
   926                           
   927                           ;main.c: 191:             break;
   928  0198  3064               	movlw	100
   929  0199  00F3               	movwf	___awdiv@divisor
   930  019A  3000               	movlw	0
   931  019B  00F4               	movwf	___awdiv@divisor+1
   932  019C  087A               	movf	_numero,w
   933  019D  00AF               	movwf	??_decimales
   934  019E  01B0               	clrf	??_decimales+1
   935  019F  082F               	movf	??_decimales,w
   936  01A0  00F5               	movwf	___awdiv@dividend
   937  01A1  0830               	movf	??_decimales+1,w
   938  01A2  00F6               	movwf	___awdiv@dividend+1
   939  01A3  120A  118A  2129  120A  118A  	fcall	___awdiv
   940  01A8  0873               	movf	?___awdiv,w
   941  01A9  1283               	bcf	3,5	;RP0=0, select bank0
   942  01AA  1303               	bcf	3,6	;RP1=0, select bank0
   943  01AB  00B1               	movwf	??_decimales+2
   944  01AC  0831               	movf	??_decimales+2,w
   945  01AD  00F9               	movwf	_centenas
   946  01AE                     l1248:
   947                           
   948                           ;main.c: 193:             valor= 0b01111101;
   949  01AE  309C               	movlw	156
   950  01AF  00AF               	movwf	??_decimales
   951  01B0  082F               	movf	??_decimales,w
   952  01B1  00F3               	movwf	___bmul@multiplicand
   953  01B2  0879               	movf	_centenas,w
   954  01B3  120A  118A  2260  120A  118A  	fcall	___bmul
   955  01B8  077A               	addwf	_numero,w
   956  01B9  1283               	bcf	3,5	;RP0=0, select bank0
   957  01BA  1303               	bcf	3,6	;RP1=0, select bank0
   958  01BB  00B0               	movwf	??_decimales+1
   959  01BC  0830               	movf	??_decimales+1,w
   960  01BD  00FA               	movwf	_numero
   961  01BE                     l1250:
   962                           
   963                           ;main.c: 195:         case 7:
   964  01BE  300A               	movlw	10
   965  01BF  00F3               	movwf	___awdiv@divisor
   966  01C0  3000               	movlw	0
   967  01C1  00F4               	movwf	___awdiv@divisor+1
   968  01C2  087A               	movf	_numero,w
   969  01C3  00AF               	movwf	??_decimales
   970  01C4  01B0               	clrf	??_decimales+1
   971  01C5  082F               	movf	??_decimales,w
   972  01C6  00F5               	movwf	___awdiv@dividend
   973  01C7  0830               	movf	??_decimales+1,w
   974  01C8  00F6               	movwf	___awdiv@dividend+1
   975  01C9  120A  118A  2129  120A  118A  	fcall	___awdiv
   976  01CE  0873               	movf	?___awdiv,w
   977  01CF  1283               	bcf	3,5	;RP0=0, select bank0
   978  01D0  1303               	bcf	3,6	;RP1=0, select bank0
   979  01D1  00B1               	movwf	??_decimales+2
   980  01D2  0831               	movf	??_decimales+2,w
   981  01D3  00F8               	movwf	_decenas
   982  01D4                     l1252:
   983                           
   984                           ;main.c: 197:             break;
   985  01D4  30F6               	movlw	246
   986  01D5  00AF               	movwf	??_decimales
   987  01D6  082F               	movf	??_decimales,w
   988  01D7  00F3               	movwf	___bmul@multiplicand
   989  01D8  0878               	movf	_decenas,w
   990  01D9  120A  118A  2260  120A  118A  	fcall	___bmul
   991  01DE  077A               	addwf	_numero,w
   992  01DF  1283               	bcf	3,5	;RP0=0, select bank0
   993  01E0  1303               	bcf	3,6	;RP1=0, select bank0
   994  01E1  00B0               	movwf	??_decimales+1
   995  01E2  0830               	movf	??_decimales+1,w
   996  01E3  00A7               	movwf	_unidades
   997  01E4                     l91:
   998  01E4  0008               	return
   999  01E5                     __end_of_decimales:
  1000                           
  1001                           	psect	text4
  1002  0260                     __ptext4:	
  1003 ;; *************** function ___bmul *****************
  1004 ;; Defined at:
  1005 ;;		line 4 in file "/Applications/microchip/xc8/v2.31/pic/sources/c90/common/Umul8.c"
  1006 ;; Parameters:    Size  Location     Type
  1007 ;;  multiplier      1    wreg     unsigned char 
  1008 ;;  multiplicand    1    3[COMMON] unsigned char 
  1009 ;; Auto vars:     Size  Location     Type
  1010 ;;  multiplier      1    6[COMMON] unsigned char 
  1011 ;;  product         1    5[COMMON] unsigned char 
  1012 ;; Return value:  Size  Location     Type
  1013 ;;                  1    wreg      unsigned char 
  1014 ;; Registers used:
  1015 ;;		wreg, status,2, status,0
  1016 ;; Tracked objects:
  1017 ;;		On entry : 0/0
  1018 ;;		On exit  : 0/0
  1019 ;;		Unchanged: 0/0
  1020 ;; Data sizes:     COMMON   BANK0   BANK1   BANK3   BANK2
  1021 ;;      Params:         1       0       0       0       0
  1022 ;;      Locals:         2       0       0       0       0
  1023 ;;      Temps:          1       0       0       0       0
  1024 ;;      Totals:         4       0       0       0       0
  1025 ;;Total ram usage:        4 bytes
  1026 ;; Hardware stack levels used:    1
  1027 ;; Hardware stack levels required when called:    1
  1028 ;; This function calls:
  1029 ;;		Nothing
  1030 ;; This function is called by:
  1031 ;;		_decimales
  1032 ;; This function uses a non-reentrant model
  1033 ;;
  1034                           
  1035                           
  1036                           ;psect for function ___bmul
  1037  0260                     ___bmul:
  1038                           
  1039                           ;incstack = 0
  1040                           ; Regs used in ___bmul: [wreg+status,2+status,0]
  1041                           ;___bmul@multiplier stored from wreg
  1042  0260  00F6               	movwf	___bmul@multiplier
  1043  0261                     l978:
  1044  0261  01F5               	clrf	___bmul@product
  1045  0262                     l980:
  1046  0262  1C76               	btfss	___bmul@multiplier,0
  1047  0263  2A65               	goto	u211
  1048  0264  2A66               	goto	u210
  1049  0265                     u211:
  1050  0265  2A6A               	goto	l984
  1051  0266                     u210:
  1052  0266                     l982:
  1053  0266  0873               	movf	___bmul@multiplicand,w
  1054  0267  00F4               	movwf	??___bmul
  1055  0268  0874               	movf	??___bmul,w
  1056  0269  07F5               	addwf	___bmul@product,f
  1057  026A                     l984:
  1058  026A  1003               	clrc
  1059  026B  0DF3               	rlf	___bmul@multiplicand,f
  1060  026C                     l986:
  1061  026C  1003               	clrc
  1062  026D  0CF6               	rrf	___bmul@multiplier,f
  1063  026E  0876               	movf	___bmul@multiplier,w
  1064  026F  1D03               	btfss	3,2
  1065  0270  2A72               	goto	u221
  1066  0271  2A73               	goto	u220
  1067  0272                     u221:
  1068  0272  2A62               	goto	l980
  1069  0273                     u220:
  1070  0273                     l988:
  1071  0273  0875               	movf	___bmul@product,w
  1072  0274                     l232:
  1073  0274  0008               	return
  1074  0275                     __end_of___bmul:
  1075                           
  1076                           	psect	text5
  1077  0129                     __ptext5:	
  1078 ;; *************** function ___awdiv *****************
  1079 ;; Defined at:
  1080 ;;		line 5 in file "/Applications/microchip/xc8/v2.31/pic/sources/c90/common/awdiv.c"
  1081 ;; Parameters:    Size  Location     Type
  1082 ;;  divisor         2    3[COMMON] int 
  1083 ;;  dividend        2    5[COMMON] int 
  1084 ;; Auto vars:     Size  Location     Type
  1085 ;;  quotient        2    2[BANK0 ] int 
  1086 ;;  sign            1    1[BANK0 ] unsigned char 
  1087 ;;  counter         1    0[BANK0 ] unsigned char 
  1088 ;; Return value:  Size  Location     Type
  1089 ;;                  2    3[COMMON] int 
  1090 ;; Registers used:
  1091 ;;		wreg, status,2, status,0
  1092 ;; Tracked objects:
  1093 ;;		On entry : 0/0
  1094 ;;		On exit  : 0/0
  1095 ;;		Unchanged: 0/0
  1096 ;; Data sizes:     COMMON   BANK0   BANK1   BANK3   BANK2
  1097 ;;      Params:         4       0       0       0       0
  1098 ;;      Locals:         0       4       0       0       0
  1099 ;;      Temps:          1       0       0       0       0
  1100 ;;      Totals:         5       4       0       0       0
  1101 ;;Total ram usage:        9 bytes
  1102 ;; Hardware stack levels used:    1
  1103 ;; Hardware stack levels required when called:    1
  1104 ;; This function calls:
  1105 ;;		Nothing
  1106 ;; This function is called by:
  1107 ;;		_decimales
  1108 ;; This function uses a non-reentrant model
  1109 ;;
  1110                           
  1111                           
  1112                           ;psect for function ___awdiv
  1113  0129                     ___awdiv:
  1114  0129                     l992:	
  1115                           ;incstack = 0
  1116                           ; Regs used in ___awdiv: [wreg+status,2+status,0]
  1117                           
  1118  0129  1283               	bcf	3,5	;RP0=0, select bank0
  1119  012A  1303               	bcf	3,6	;RP1=0, select bank0
  1120  012B  01AC               	clrf	___awdiv@sign
  1121  012C                     l994:
  1122  012C  1FF4               	btfss	___awdiv@divisor+1,7
  1123  012D  292F               	goto	u231
  1124  012E  2930               	goto	u230
  1125  012F                     u231:
  1126  012F  2937               	goto	l1000
  1127  0130                     u230:
  1128  0130                     l996:
  1129  0130  09F3               	comf	___awdiv@divisor,f
  1130  0131  09F4               	comf	___awdiv@divisor+1,f
  1131  0132  0AF3               	incf	___awdiv@divisor,f
  1132  0133  1903               	skipnz
  1133  0134  0AF4               	incf	___awdiv@divisor+1,f
  1134  0135                     l998:
  1135  0135  01AC               	clrf	___awdiv@sign
  1136  0136  0AAC               	incf	___awdiv@sign,f
  1137  0137                     l1000:
  1138  0137  1FF6               	btfss	___awdiv@dividend+1,7
  1139  0138  293A               	goto	u241
  1140  0139  293B               	goto	u240
  1141  013A                     u241:
  1142  013A  2944               	goto	l1006
  1143  013B                     u240:
  1144  013B                     l1002:
  1145  013B  09F5               	comf	___awdiv@dividend,f
  1146  013C  09F6               	comf	___awdiv@dividend+1,f
  1147  013D  0AF5               	incf	___awdiv@dividend,f
  1148  013E  1903               	skipnz
  1149  013F  0AF6               	incf	___awdiv@dividend+1,f
  1150  0140                     l1004:
  1151  0140  3001               	movlw	1
  1152  0141  00F7               	movwf	??___awdiv
  1153  0142  0877               	movf	??___awdiv,w
  1154  0143  06AC               	xorwf	___awdiv@sign,f
  1155  0144                     l1006:
  1156  0144  01AD               	clrf	___awdiv@quotient
  1157  0145  01AE               	clrf	___awdiv@quotient+1
  1158  0146                     l1008:
  1159  0146  0873               	movf	___awdiv@divisor,w
  1160  0147  0474               	iorwf	___awdiv@divisor+1,w
  1161  0148  1903               	btfsc	3,2
  1162  0149  294B               	goto	u251
  1163  014A  294C               	goto	u250
  1164  014B                     u251:
  1165  014B  2983               	goto	l1028
  1166  014C                     u250:
  1167  014C                     l1010:
  1168  014C  01AB               	clrf	___awdiv@counter
  1169  014D  0AAB               	incf	___awdiv@counter,f
  1170  014E  295A               	goto	l1016
  1171  014F                     l1012:
  1172  014F  3001               	movlw	1
  1173  0150                     u265:
  1174  0150  1003               	clrc
  1175  0151  0DF3               	rlf	___awdiv@divisor,f
  1176  0152  0DF4               	rlf	___awdiv@divisor+1,f
  1177  0153  3EFF               	addlw	-1
  1178  0154  1D03               	skipz
  1179  0155  2950               	goto	u265
  1180  0156                     l1014:
  1181  0156  3001               	movlw	1
  1182  0157  00F7               	movwf	??___awdiv
  1183  0158  0877               	movf	??___awdiv,w
  1184  0159  07AB               	addwf	___awdiv@counter,f
  1185  015A                     l1016:
  1186  015A  1FF4               	btfss	___awdiv@divisor+1,7
  1187  015B  295D               	goto	u271
  1188  015C  295E               	goto	u270
  1189  015D                     u271:
  1190  015D  294F               	goto	l1012
  1191  015E                     u270:
  1192  015E                     l1018:
  1193  015E  3001               	movlw	1
  1194  015F                     u285:
  1195  015F  1003               	clrc
  1196  0160  0DAD               	rlf	___awdiv@quotient,f
  1197  0161  0DAE               	rlf	___awdiv@quotient+1,f
  1198  0162  3EFF               	addlw	-1
  1199  0163  1D03               	skipz
  1200  0164  295F               	goto	u285
  1201  0165  0874               	movf	___awdiv@divisor+1,w
  1202  0166  0276               	subwf	___awdiv@dividend+1,w
  1203  0167  1D03               	skipz
  1204  0168  296B               	goto	u295
  1205  0169  0873               	movf	___awdiv@divisor,w
  1206  016A  0275               	subwf	___awdiv@dividend,w
  1207  016B                     u295:
  1208  016B  1C03               	skipc
  1209  016C  296E               	goto	u291
  1210  016D  296F               	goto	u290
  1211  016E                     u291:
  1212  016E  2976               	goto	l1024
  1213  016F                     u290:
  1214  016F                     l1020:
  1215  016F  0873               	movf	___awdiv@divisor,w
  1216  0170  02F5               	subwf	___awdiv@dividend,f
  1217  0171  0874               	movf	___awdiv@divisor+1,w
  1218  0172  1C03               	skipc
  1219  0173  03F6               	decf	___awdiv@dividend+1,f
  1220  0174  02F6               	subwf	___awdiv@dividend+1,f
  1221  0175                     l1022:
  1222  0175  142D               	bsf	___awdiv@quotient,0
  1223  0176                     l1024:
  1224  0176  3001               	movlw	1
  1225  0177                     u305:
  1226  0177  1003               	clrc
  1227  0178  0CF4               	rrf	___awdiv@divisor+1,f
  1228  0179  0CF3               	rrf	___awdiv@divisor,f
  1229  017A  3EFF               	addlw	-1
  1230  017B  1D03               	skipz
  1231  017C  2977               	goto	u305
  1232  017D                     l1026:
  1233  017D  3001               	movlw	1
  1234  017E  02AB               	subwf	___awdiv@counter,f
  1235  017F  1D03               	btfss	3,2
  1236  0180  2982               	goto	u311
  1237  0181  2983               	goto	u310
  1238  0182                     u311:
  1239  0182  295E               	goto	l1018
  1240  0183                     u310:
  1241  0183                     l1028:
  1242  0183  082C               	movf	___awdiv@sign,w
  1243  0184  1903               	btfsc	3,2
  1244  0185  2987               	goto	u321
  1245  0186  2988               	goto	u320
  1246  0187                     u321:
  1247  0187  298D               	goto	l1032
  1248  0188                     u320:
  1249  0188                     l1030:
  1250  0188  09AD               	comf	___awdiv@quotient,f
  1251  0189  09AE               	comf	___awdiv@quotient+1,f
  1252  018A  0AAD               	incf	___awdiv@quotient,f
  1253  018B  1903               	skipnz
  1254  018C  0AAE               	incf	___awdiv@quotient+1,f
  1255  018D                     l1032:
  1256  018D  082E               	movf	___awdiv@quotient+1,w
  1257  018E  00F4               	movwf	?___awdiv+1
  1258  018F  082D               	movf	___awdiv@quotient,w
  1259  0190  00F3               	movwf	?___awdiv
  1260  0191                     l359:
  1261  0191  0008               	return
  1262  0192                     __end_of___awdiv:
  1263                           
  1264                           	psect	text6
  1265  0023                     __ptext6:	
  1266 ;; *************** function _Config_7 *****************
  1267 ;; Defined at:
  1268 ;;		line 202 in file "main.c"
  1269 ;; Parameters:    Size  Location     Type
  1270 ;;  numero7         2    3[COMMON] int 
  1271 ;; Auto vars:     Size  Location     Type
  1272 ;;  valor           2    2[BANK0 ] int 
  1273 ;;  seg             2    0[BANK0 ] int 
  1274 ;; Return value:  Size  Location     Type
  1275 ;;                  2    3[COMMON] int 
  1276 ;; Registers used:
  1277 ;;		wreg, fsr0l, fsr0h, status,2, status,0
  1278 ;; Tracked objects:
  1279 ;;		On entry : 0/0
  1280 ;;		On exit  : 0/0
  1281 ;;		Unchanged: 0/0
  1282 ;; Data sizes:     COMMON   BANK0   BANK1   BANK3   BANK2
  1283 ;;      Params:         2       0       0       0       0
  1284 ;;      Locals:         0       4       0       0       0
  1285 ;;      Temps:          0       0       0       0       0
  1286 ;;      Totals:         2       4       0       0       0
  1287 ;;Total ram usage:        6 bytes
  1288 ;; Hardware stack levels used:    1
  1289 ;; Hardware stack levels required when called:    1
  1290 ;; This function calls:
  1291 ;;		Nothing
  1292 ;; This function is called by:
  1293 ;;		_main
  1294 ;; This function uses a non-reentrant model
  1295 ;;
  1296                           
  1297                           
  1298                           ;psect for function _Config_7
  1299  0023                     _Config_7:
  1300  0023                     l1254:	
  1301                           ;incstack = 0
  1302                           ; Regs used in _Config_7: [wreg-fsr0h+status,2+status,0]
  1303                           
  1304                           
  1305                           ;main.c: 202:             valor= 0b01101111;;main.c: 203:             break;;main.c: 204
      +                          :         case 10:;main.c: 205:             valor= 0b01110111;
  1306  0023  0874               	movf	Config_7@numero7+1,w
  1307  0024  1283               	bcf	3,5	;RP0=0, select bank0
  1308  0025  1303               	bcf	3,6	;RP1=0, select bank0
  1309  0026  00AC               	movwf	Config_7@seg+1
  1310  0027  0873               	movf	Config_7@numero7,w
  1311  0028  00AB               	movwf	Config_7@seg
  1312                           
  1313                           ;main.c: 207:         case 11:
  1314  0029  287A               	goto	l1290
  1315  002A                     l1256:
  1316                           
  1317                           ;main.c: 210:         case 12:
  1318  002A  303F               	movlw	63
  1319  002B  00AD               	movwf	Config_7@valor
  1320  002C  3000               	movlw	0
  1321  002D  00AE               	movwf	Config_7@valor+1
  1322                           
  1323                           ;main.c: 211:             valor= 0b00111001;
  1324  002E  28B1               	goto	l1292
  1325  002F                     l1258:
  1326                           
  1327                           ;main.c: 213:         case 13:
  1328  002F  3006               	movlw	6
  1329  0030  00AD               	movwf	Config_7@valor
  1330  0031  3000               	movlw	0
  1331  0032  00AE               	movwf	Config_7@valor+1
  1332                           
  1333                           ;main.c: 214:             valor= 0b01011110;
  1334  0033  28B1               	goto	l1292
  1335  0034                     l1260:
  1336                           
  1337                           ;main.c: 216:         case 14:
  1338  0034  305B               	movlw	91
  1339  0035  00AD               	movwf	Config_7@valor
  1340  0036  3000               	movlw	0
  1341  0037  00AE               	movwf	Config_7@valor+1
  1342                           
  1343                           ;main.c: 217:             valor= 0b01111001;
  1344  0038  28B1               	goto	l1292
  1345  0039                     l1262:
  1346                           
  1347                           ;main.c: 219:         case 15:
  1348  0039  304F               	movlw	79
  1349  003A  00AD               	movwf	Config_7@valor
  1350  003B  3000               	movlw	0
  1351  003C  00AE               	movwf	Config_7@valor+1
  1352                           
  1353                           ;main.c: 220:             valor= 0b01110001;
  1354  003D  28B1               	goto	l1292
  1355  003E                     l1264:
  1356                           
  1357                           ;main.c: 222: 
  1358  003E  3066               	movlw	102
  1359  003F  00AD               	movwf	Config_7@valor
  1360  0040  3000               	movlw	0
  1361  0041  00AE               	movwf	Config_7@valor+1
  1362                           
  1363                           ;main.c: 223:     }
  1364  0042  28B1               	goto	l1292
  1365  0043                     l1266:
  1366                           
  1367                           ;main.c: 225: }
  1368  0043  306D               	movlw	109
  1369  0044  00AD               	movwf	Config_7@valor
  1370  0045  3000               	movlw	0
  1371  0046  00AE               	movwf	Config_7@valor+1
  1372                           
  1373                           ;main.c: 226: 
  1374  0047  28B1               	goto	l1292
  1375  0048                     l1268:
  1376                           
  1377                           ;main.c: 228: {
  1378  0048  307D               	movlw	125
  1379  0049  00AD               	movwf	Config_7@valor
  1380  004A  3000               	movlw	0
  1381  004B  00AE               	movwf	Config_7@valor+1
  1382                           
  1383                           ;main.c: 229: 
  1384  004C  28B1               	goto	l1292
  1385  004D                     l1270:
  1386                           
  1387                           ;main.c: 231:     {
  1388  004D  3007               	movlw	7
  1389  004E  00AD               	movwf	Config_7@valor
  1390  004F  3000               	movlw	0
  1391  0050  00AE               	movwf	Config_7@valor+1
  1392                           
  1393                           ;main.c: 232:         case 1:
  1394  0051  28B1               	goto	l1292
  1395  0052                     l1272:
  1396                           
  1397                           ;main.c: 234:             PORTE= 0x01;
  1398  0052  307F               	movlw	127
  1399  0053  00AD               	movwf	Config_7@valor
  1400  0054  3000               	movlw	0
  1401  0055  00AE               	movwf	Config_7@valor+1
  1402                           
  1403                           ;main.c: 235:             break;
  1404  0056  28B1               	goto	l1292
  1405  0057                     l1274:
  1406                           
  1407                           ;main.c: 237:             PORTD= segD;
  1408  0057  306F               	movlw	111
  1409  0058  00AD               	movwf	Config_7@valor
  1410  0059  3000               	movlw	0
  1411  005A  00AE               	movwf	Config_7@valor+1
  1412                           
  1413                           ;main.c: 238:             PORTE= 0x02;
  1414  005B  28B1               	goto	l1292
  1415  005C                     l1276:
  1416                           
  1417                           ;main.c: 240:         case 3:
  1418  005C  3077               	movlw	119
  1419  005D  00AD               	movwf	Config_7@valor
  1420  005E  3000               	movlw	0
  1421  005F  00AE               	movwf	Config_7@valor+1
  1422                           
  1423                           ;main.c: 241:             PORTD= segC;
  1424  0060  28B1               	goto	l1292
  1425  0061                     l1278:
  1426                           
  1427                           ;main.c: 243:             PORTE= 0x04;
  1428  0061  307C               	movlw	124
  1429  0062  00AD               	movwf	Config_7@valor
  1430  0063  3000               	movlw	0
  1431  0064  00AE               	movwf	Config_7@valor+1
  1432                           
  1433                           ;main.c: 244:             break;
  1434  0065  28B1               	goto	l1292
  1435  0066                     l1280:
  1436                           
  1437                           ;main.c: 246: 
  1438  0066  3039               	movlw	57
  1439  0067  00AD               	movwf	Config_7@valor
  1440  0068  3000               	movlw	0
  1441  0069  00AE               	movwf	Config_7@valor+1
  1442                           
  1443                           ;main.c: 247: }
  1444  006A  28B1               	goto	l1292
  1445  006B                     l1282:
  1446  006B  305E               	movlw	94
  1447  006C  00AD               	movwf	Config_7@valor
  1448  006D  3000               	movlw	0
  1449  006E  00AE               	movwf	Config_7@valor+1
  1450  006F  28B1               	goto	l1292
  1451  0070                     l1284:
  1452  0070  3079               	movlw	121
  1453  0071  00AD               	movwf	Config_7@valor
  1454  0072  3000               	movlw	0
  1455  0073  00AE               	movwf	Config_7@valor+1
  1456  0074  28B1               	goto	l1292
  1457  0075                     l1286:
  1458  0075  3071               	movlw	113
  1459  0076  00AD               	movwf	Config_7@valor
  1460  0077  3000               	movlw	0
  1461  0078  00AE               	movwf	Config_7@valor+1
  1462  0079  28B1               	goto	l1292
  1463  007A                     l1290:
  1464                           
  1465                           ; Switch on 2 bytes has been partitioned into a top level switch of size 1, and 1 sub-sw
      +                          itches
  1466                           ; Switch size 1, requested type "simple"
  1467                           ; Number of cases is 1, Range of values is 0 to 0
  1468                           ; switch strategies available:
  1469                           ; Name         Instructions Cycles
  1470                           ; simple_byte            4     3 (average)
  1471                           ; direct_byte           11     8 (fixed)
  1472                           ; jumptable            260     6 (fixed)
  1473                           ;	Chosen strategy is simple_byte
  1474  007A  082C               	movf	Config_7@seg+1,w
  1475  007B  3A00               	xorlw	0	; case 0
  1476  007C  1903               	skipnz
  1477  007D  287F               	goto	l1374
  1478  007E  28B1               	goto	l1292
  1479  007F                     l1374:
  1480                           
  1481                           ; Switch size 1, requested type "simple"
  1482                           ; Number of cases is 16, Range of values is 0 to 15
  1483                           ; switch strategies available:
  1484                           ; Name         Instructions Cycles
  1485                           ; simple_byte           49    25 (average)
  1486                           ; direct_byte           56     8 (fixed)
  1487                           ; jumptable            260     6 (fixed)
  1488                           ;	Chosen strategy is simple_byte
  1489  007F  082B               	movf	Config_7@seg,w
  1490  0080  3A00               	xorlw	0	; case 0
  1491  0081  1903               	skipnz
  1492  0082  282A               	goto	l1256
  1493  0083  3A01               	xorlw	1	; case 1
  1494  0084  1903               	skipnz
  1495  0085  282F               	goto	l1258
  1496  0086  3A03               	xorlw	3	; case 2
  1497  0087  1903               	skipnz
  1498  0088  2834               	goto	l1260
  1499  0089  3A01               	xorlw	1	; case 3
  1500  008A  1903               	skipnz
  1501  008B  2839               	goto	l1262
  1502  008C  3A07               	xorlw	7	; case 4
  1503  008D  1903               	skipnz
  1504  008E  283E               	goto	l1264
  1505  008F  3A01               	xorlw	1	; case 5
  1506  0090  1903               	skipnz
  1507  0091  2843               	goto	l1266
  1508  0092  3A03               	xorlw	3	; case 6
  1509  0093  1903               	skipnz
  1510  0094  2848               	goto	l1268
  1511  0095  3A01               	xorlw	1	; case 7
  1512  0096  1903               	skipnz
  1513  0097  284D               	goto	l1270
  1514  0098  3A0F               	xorlw	15	; case 8
  1515  0099  1903               	skipnz
  1516  009A  2852               	goto	l1272
  1517  009B  3A01               	xorlw	1	; case 9
  1518  009C  1903               	skipnz
  1519  009D  2857               	goto	l1274
  1520  009E  3A03               	xorlw	3	; case 10
  1521  009F  1903               	skipnz
  1522  00A0  285C               	goto	l1276
  1523  00A1  3A01               	xorlw	1	; case 11
  1524  00A2  1903               	skipnz
  1525  00A3  2861               	goto	l1278
  1526  00A4  3A07               	xorlw	7	; case 12
  1527  00A5  1903               	skipnz
  1528  00A6  2866               	goto	l1280
  1529  00A7  3A01               	xorlw	1	; case 13
  1530  00A8  1903               	skipnz
  1531  00A9  286B               	goto	l1282
  1532  00AA  3A03               	xorlw	3	; case 14
  1533  00AB  1903               	skipnz
  1534  00AC  2870               	goto	l1284
  1535  00AD  3A01               	xorlw	1	; case 15
  1536  00AE  1903               	skipnz
  1537  00AF  2875               	goto	l1286
  1538  00B0  28B1               	goto	l1292
  1539  00B1                     l1292:
  1540  00B1  082E               	movf	Config_7@valor+1,w
  1541  00B2  00F4               	movwf	?_Config_7+1
  1542  00B3  082D               	movf	Config_7@valor,w
  1543  00B4  00F3               	movwf	?_Config_7
  1544  00B5                     l112:
  1545  00B5  0008               	return
  1546  00B6                     __end_of_Config_7:
  1547                           
  1548                           	psect	text7
  1549  0247                     __ptext7:	
  1550 ;; *************** function _ISR *****************
  1551 ;; Defined at:
  1552 ;;		line 66 in file "main.c"
  1553 ;; Parameters:    Size  Location     Type
  1554 ;;		None
  1555 ;; Auto vars:     Size  Location     Type
  1556 ;;		None
  1557 ;; Return value:  Size  Location     Type
  1558 ;;                  1    wreg      void 
  1559 ;; Registers used:
  1560 ;;		wreg, status,2, status,0
  1561 ;; Tracked objects:
  1562 ;;		On entry : 0/0
  1563 ;;		On exit  : 0/0
  1564 ;;		Unchanged: 0/0
  1565 ;; Data sizes:     COMMON   BANK0   BANK1   BANK3   BANK2
  1566 ;;      Params:         0       0       0       0       0
  1567 ;;      Locals:         0       0       0       0       0
  1568 ;;      Temps:          3       0       0       0       0
  1569 ;;      Totals:         3       0       0       0       0
  1570 ;;Total ram usage:        3 bytes
  1571 ;; Hardware stack levels used:    1
  1572 ;; This function calls:
  1573 ;;		Nothing
  1574 ;; This function is called by:
  1575 ;;		Interrupt level 1
  1576 ;; This function uses a non-reentrant model
  1577 ;;
  1578                           
  1579                           
  1580                           ;psect for function _ISR
  1581  0247                     _ISR:
  1582  0247                     i1l1162:
  1583                           
  1584                           ;main.c: 68:     if (PORTBbits.RB0 == 0 && b_inc == 1)
  1585  0247  1C0B               	btfss	11,0	;volatile
  1586  0248  2A4A               	goto	u33_21
  1587  0249  2A4B               	goto	u33_20
  1588  024A                     u33_21:
  1589  024A  2A4C               	goto	i1l71
  1590  024B                     u33_20:
  1591  024B                     i1l1164:
  1592                           
  1593                           ;main.c: 69:     {;main.c: 70:         b_inc = 0;
  1594  024B  100B               	bcf	11,0	;volatile
  1595  024C                     i1l71:	
  1596                           ;main.c: 72:     }
  1597                           
  1598                           
  1599                           ;main.c: 74:     if (PORTBbits.RB1 == 1)
  1600  024C  1D0B               	btfss	11,2	;volatile
  1601  024D  2A4F               	goto	u34_21
  1602  024E  2A50               	goto	u34_20
  1603  024F                     u34_21:
  1604  024F  2A59               	goto	i1l73
  1605  0250                     u34_20:
  1606  0250                     i1l1166:
  1607                           
  1608                           ;main.c: 75:     {;main.c: 76:         b_dec = 1;
  1609  0250  3001               	movlw	1
  1610  0251  00F0               	movwf	??_ISR
  1611  0252  0870               	movf	??_ISR,w
  1612  0253  1283               	bcf	3,5	;RP0=0, select bank0
  1613  0254  1303               	bcf	3,6	;RP1=0, select bank0
  1614  0255  07A6               	addwf	_banderaT0,f
  1615  0256                     i1l1168:
  1616                           
  1617                           ;main.c: 77:     }
  1618  0256  110B               	bcf	11,2	;volatile
  1619  0257                     i1l1170:
  1620                           
  1621                           ;main.c: 78:     if (PORTBbits.RB1 == 0 && b_dec == 1)
  1622  0257  0834               	movf	_v_tmr0,w
  1623  0258  0081               	movwf	1	;volatile
  1624  0259                     i1l73:
  1625  0259  0872               	movf	??_ISR+2,w
  1626  025A  008A               	movwf	10
  1627  025B  0E71               	swapf	??_ISR+1,w
  1628  025C  0083               	movwf	3
  1629  025D  0EFE               	swapf	btemp,f
  1630  025E  0E7E               	swapf	btemp,w
  1631  025F  0009               	retfie
  1632  0260                     __end_of_ISR:
  1633  007E                     btemp	set	126	;btemp
  1634  007E                     wtemp0	set	126
  1635                           
  1636                           	psect	intentry
  1637  0004                     __pintentry:	
  1638                           ;incstack = 0
  1639                           ; Regs used in _ISR: [wreg+status,2+status,0]
  1640                           
  1641  0004                     interrupt_function:
  1642  007E                     saved_w	set	btemp
  1643  0004  00FE               	movwf	btemp
  1644  0005  0E03               	swapf	3,w
  1645  0006  00F1               	movwf	??_ISR+1
  1646  0007  080A               	movf	10,w
  1647  0008  00F2               	movwf	??_ISR+2
  1648  0009  120A  118A  2A47   	ljmp	_ISR
  1649                           
  1650                           	psect	config
  1651                           
  1652                           ;Config register CONFIG1 @ 0x2007
  1653                           ;	Oscillator Selection bits
  1654                           ;	FOSC = XT, XT oscillator: Crystal/resonator on RA6/OSC2/CLKOUT and RA7/OSC1/CLKIN
  1655                           ;	Watchdog Timer Enable bit
  1656                           ;	WDTE = OFF, WDT disabled and can be enabled by SWDTEN bit of the WDTCON register
  1657                           ;	Power-up Timer Enable bit
  1658                           ;	PWRTE = OFF, PWRT disabled
  1659                           ;	RE3/MCLR pin function select bit
  1660                           ;	MCLRE = OFF, RE3/MCLR pin function is digital input, MCLR internally tied to VDD
  1661                           ;	Code Protection bit
  1662                           ;	CP = OFF, Program memory code protection is disabled
  1663                           ;	Data Code Protection bit
  1664                           ;	CPD = OFF, Data memory code protection is disabled
  1665                           ;	Brown Out Reset Selection bits
  1666                           ;	BOREN = OFF, BOR disabled
  1667                           ;	Internal External Switchover bit
  1668                           ;	IESO = OFF, Internal/External Switchover mode is disabled
  1669                           ;	Fail-Safe Clock Monitor Enabled bit
  1670                           ;	FCMEN = OFF, Fail-Safe Clock Monitor is disabled
  1671                           ;	Low Voltage Programming Enable bit
  1672                           ;	LVP = OFF, RB3 pin has digital I/O, HV on MCLR must be used for programming
  1673                           ;	In-Circuit Debugger Mode bit
  1674                           ;	DEBUG = 0x1, unprogrammed default
  1675  2007                     	org	8199
  1676  2007  20D1               	dw	8401
  1677                           
  1678                           ;Config register CONFIG2 @ 0x2008
  1679                           ;	Brown-out Reset Selection bit
  1680                           ;	BOR4V = BOR40V, Brown-out Reset set to 4.0V
  1681                           ;	Flash Program Memory Self Write Enable bits
  1682                           ;	WRT = OFF, Write protection off
  1683  2008                     	org	8200
  1684  2008  3FFF               	dw	16383

Data Sizes:
    Strings     0
    Constant    0
    Data        0
    BSS         14
    Persistent  1
    Stack       0

Auto Spaces:
    Space          Size  Autos    Used
    COMMON           14      8      11
    BANK0            80      9      21
    BANK1            80      0       0
    BANK3            96      0       0
    BANK2            96      0       0

Pointer List with Targets:

    None.

Critical Paths under _main in COMMON

    _decimales->___awdiv

Critical Paths under _ISR in COMMON

    None.

Critical Paths under _main in BANK0

    _main->_decimales
    _decimales->___awdiv

Critical Paths under _ISR in BANK0

    None.

Critical Paths under _main in BANK1

    None.

Critical Paths under _ISR in BANK1

    None.

Critical Paths under _main in BANK3

    None.

Critical Paths under _ISR in BANK3

    None.

Critical Paths under _main in BANK2

    None.

Critical Paths under _ISR in BANK2

    None.

Call Graph Tables:

 ---------------------------------------------------------------------------------
 (Depth) Function   	        Calls       Base Space   Used Autos Params    Refs
 ---------------------------------------------------------------------------------
 (0) _main                                                 2     2      0    1262
                                              7 BANK0      2     2      0
                           _Config_7
                          _decimales
                            _display
                              _setup
 ---------------------------------------------------------------------------------
 (1) _setup                                                1     1      0       0
                                              3 COMMON     1     1      0
 ---------------------------------------------------------------------------------
 (1) _display                                              2     2      0       0
                                              3 COMMON     2     2      0
 ---------------------------------------------------------------------------------
 (1) _decimales                                            3     3      0     848
                                              4 BANK0      3     3      0
                            ___awdiv
                             ___bmul
 ---------------------------------------------------------------------------------
 (2) ___bmul                                               4     3      1     244
                                              3 COMMON     4     3      1
 ---------------------------------------------------------------------------------
 (2) ___awdiv                                              9     5      4     604
                                              3 COMMON     5     1      4
                                              0 BANK0      4     4      0
 ---------------------------------------------------------------------------------
 (1) _Config_7                                             6     4      2     414
                                              3 COMMON     2     0      2
                                              0 BANK0      4     4      0
 ---------------------------------------------------------------------------------
 Estimated maximum stack depth 2
 ---------------------------------------------------------------------------------
 (Depth) Function   	        Calls       Base Space   Used Autos Params    Refs
 ---------------------------------------------------------------------------------
 (3) _ISR                                                  3     3      0       0
                                              0 COMMON     3     3      0
 ---------------------------------------------------------------------------------
 Estimated maximum stack depth 3
 ---------------------------------------------------------------------------------

 Call Graph Graphs:

 _main (ROOT)
   _Config_7
   _decimales
     ___awdiv
     ___bmul
   _display
   _setup

 _ISR (ROOT)

 Address spaces:
Name               Size   Autos  Total    Cost      Usage
BITCOMMON            E      0       0       0        0.0%
EEDATA             100      0       0       0        0.0%
NULL                 0      0       0       0        0.0%
CODE                 0      0       0       0        0.0%
COMMON               E      8       B       1       78.6%
BITSFR0              0      0       0       1        0.0%
SFR0                 0      0       0       1        0.0%
BITSFR1              0      0       0       2        0.0%
SFR1                 0      0       0       2        0.0%
STACK                0      0       0       2        0.0%
ABS                  0      0      20       3        0.0%
BITBANK0            50      0       0       4        0.0%
BITSFR3              0      0       0       4        0.0%
SFR3                 0      0       0       4        0.0%
BANK0               50      9      15       5       26.2%
BITSFR2              0      0       0       5        0.0%
SFR2                 0      0       0       5        0.0%
BITBANK1            50      0       0       6        0.0%
BANK1               50      0       0       7        0.0%
BITBANK3            60      0       0       8        0.0%
BANK3               60      0       0       9        0.0%
BITBANK2            60      0       0      10        0.0%
BANK2               60      0       0      11        0.0%
DATA                 0      0      20      12        0.0%


Microchip Technology PIC Macro Assembler V2.31 build 20201012212115 
Symbol Table                                                                                   Thu Apr 15 12:12:12 2021

         ___bmul@product 0075                       l81 00D7                       l91 01E4  
                     l79 00C3                       l88 021F             ___awdiv@sign 002C  
                    l112 00B5                      l120 0246                      l232 0274  
                    l359 0191                      l980 0262                      l982 0266  
                    l992 0129                      l984 026A                      l994 012C  
                    l986 026C                      l978 0261                      l996 0130  
                    l988 0273                      l998 0135                      u210 0266  
                    u211 0265                      u220 0273                      u221 0272  
                    u310 0183                      u230 0130                      u311 0182  
                    u231 012F                      u320 0188                      u240 013B  
                    u321 0187                      u305 0177                      u241 013A  
                    u250 014C                      u410 00C1                      u251 014B  
                    u411 00C0                      u420 00C7                      u421 00C6  
                    u270 015E                      u430 00CC                      u271 015D  
                    u431 00CB                      u440 00D5                      u265 0150  
                    u441 00D4                      u290 016F                      u450 00DB  
                    u291 016E                      u451 00DA                      u460 00E0  
                    _ISR 0247                      u285 015F                      u461 00DF  
                    u295 016B                     ?_ISR 0070                     l1000 0137  
                   l1010 014C                     l1002 013B                     l1020 016F  
                   l1012 014F                     l1004 0140                     l1030 0188  
                   l1022 0175                     l1014 0156                     l1006 0144  
                   l1032 018D                     l1024 0176                     l1016 015A  
                   l1008 0146                     l1040 01EE                     l1026 017D  
                   l1018 015E                     l1050 01FD                     l1042 01F1  
                   l1028 0183                     l1060 020C                     l1052 0200  
                   l1044 01F4                     l1036 01E5                     l1300 00B6  
                   l1150 022D                     l1142 0220                     l1070 0211  
                   l1062 020D                     l1054 0203                     l1046 01F7  
                   l1038 01EB                     l1310 00CD                     l1302 00BB  
                   l1152 022E                     l1144 0221                     l1080 0218  
                   l1072 0212                     l1064 020E                     l1056 0206  
                   l1048 01FA                     l1320 00E1                     l1312 00D1  
                   l1304 00C1                     l1250 01BE                     l1146 0226  
                   l1082 0219                     l1074 0215                     l1066 020F  
                   l1058 0209                     l1330 0120                     l1322 00E3  
                   l1314 00D5                     l1306 00C7                     l1260 0034  
                   l1252 01D4                     l1244 0192                     l1148 022B  
                   l1156 0231                     l1084 021A                     l1076 0216  
                   l1068 0210                     l1324 00E8                     l1316 00DB  
                   l1308 00CC                     l1270 004D                     l1262 0039  
                   l1254 0023                     l1246 0198                     l1078 0217  
                   l1326 00FC                     l1318 00E0                     l1280 0066  
                   l1272 0052                     l1264 003E                     l1256 002A  
                   l1248 01AE                     l1328 010E                     l1282 006B  
                   l1274 0057                     l1266 0043                     l1258 002F  
                   l1290 007A                     l1284 0070                     l1276 005C  
                   l1268 0048                     l1292 00B1                     l1372 023B  
                   l1374 007F                     l1286 0075                     l1278 0061  
                   i1l71 024C                     i1l73 0259                     _TMR0 0001  
                   _main 00B6                     _segC 0020                     _segD 0022  
                   _segU 0024                     btemp 007E                     start 000C  
      ___bmul@multiplier 0076                    ??_ISR 0070                    ?_main 0070  
        __end_of___awdiv 0192                    _ANSEL 0188          ___awdiv@divisor 0073  
        ___awdiv@counter 002B                    u33_20 024B                    u33_21 024A  
                  u34_20 0250                    u34_21 024F                    _PORTA 0005  
                  _PORTB 0006                    _PORTC 0007                    _PORTD 0008  
                  _PORTE 0009                    _TRISA 0085                    _TRISB 0086  
                  _TRISC 0087                    _TRISD 0088                    _TRISE 0089  
        __end_of_display 0247                    _b_dec 0028                    _b_inc 0029  
                  _count 002A                    _setup 01E5                    pclath 000A  
                  status 0003                    wtemp0 007E         __end_of_Config_7 00B6  
        __initialization 000F             __end_of_main 0129                   ??_main 0032  
       ___awdiv@dividend 0075                   ?_setup 0070                   _ANSELH 0189  
                 i1l1170 0257                   i1l1162 0247                   i1l1164 024B  
                 i1l1166 0250                   i1l1168 0256                   ___bmul 0260  
              ??___awdiv 0077         ___awdiv@quotient 002D                   _v_tmr0 0034  
                 _numero 007A                ??_display 0073                   saved_w 007E  
__end_of__initialization 001F      ___bmul@multiplicand 0073           __pcstackCOMMON 0070  
     __size_of_decimales 0053            __end_of_setup 0220           _OPTION_REGbits 0081  
              ?_Config_7 0073                  ??_setup 0073               __pbssBANK0 0020  
             __pmaintext 00B6                  ?___bmul 0073               __pintentry 0004  
             ??_Config_7 0075        __end_of_decimales 01E5          __size_of___bmul 0015  
                ___awdiv 0129                  _decenas 0078                  __ptext1 01E5  
                __ptext2 0220                  __ptext3 0192                  __ptext4 0260  
                __ptext5 0129                  __ptext6 0023                  __ptext7 0247  
                _display 0220             __size_of_ISR 0019     end_of_initialization 001F  
              _PORTBbits 0006           __end_of___bmul 0275      start_initialization 000F  
            __end_of_ISR 0260        __size_of_Config_7 0093                 ??___bmul 0074  
            __pbssCOMMON 0078                ___latbits 0002            __pcstackBANK0 002B  
              _banderaT0 0026                _decimales 0192                __pnvBANK0 0034  
               ?___awdiv 0073                 ?_display 0070           __size_of_setup 003B  
          Config_7@valor 002D        interrupt_function 0004                 _IOCBbits 0096  
             ?_decimales 0070                 _Config_7 0023         __size_of___awdiv 0069  
       __size_of_display 0027                 _centenas 0079            __size_of_main 0073  
            ??_decimales 002F          Config_7@numero7 0073                 _unidades 0027  
             _INTCONbits 000B                 intlevel1 0000              Config_7@seg 002B  
